SeeThroughAI/app/build/intermediates/manifest_merge_blame_file/debug/manifest-merger-blame-debug-report.txt
1<?xml version="1.0" encoding="utf-8"?>
2<manifest xmlns:android="http://schemas.android.com/apk/res/android"
3    package="com.example.speechtotext"
4    android:versionCode="1"
5    android:versionName="1.0" >
6
7    <uses-sdk
8        android:minSdkVersion="23"
8-->src\main\AndroidManifest.xml
9        android:targetSdkVersion="29" />
9-->src\main\AndroidManifest.xml
10
11    <uses-permission android:name="android.permission.INTERNET" />
11-->src\main\AndroidManifest.xml:4:5-67
11-->src\main\AndroidManifest.xml:4:22-64
12    <uses-permission android:name="android.permission.RECORD_AUDIO" />
12-->src\main\AndroidManifest.xml:5:5-71
12-->src\main\AndroidManifest.xml:5:22-68
13    <uses-permission android:name="android.permission.CAMERA" />
13-->src\main\AndroidManifest.xml:6:5-65
13-->src\main\AndroidManifest.xml:6:22-62
14    <uses-permission android:name="android.permission.READ_EXTERNAL_STORAGE" />
14-->src\main\AndroidManifest.xml:7:5-80
14-->src\main\AndroidManifest.xml:7:22-77
15    <uses-permission android:name="android.permission.VIBRATE" />
15-->src\main\AndroidManifest.xml:8:5-66
15-->src\main\AndroidManifest.xml:8:22-63
16    <uses-permission android:name="android.permission.WRITE_EXTERNAL_STORAGE" />
16-->src\main\AndroidManifest.xml:9:5-81
16-->src\main\AndroidManifest.xml:9:22-78
17
18    <!-- 在SDCard中创建与删除文件权限 -->
19    <uses-permission android:name="android.permission.MOUNT_UNMOUNT_FILESYSTEMS" /> <!-- Although the *SdkVersion is captured in gradle build files, this is required for non gradle builds -->
19-->[com.lzy.widget:imagepicker:0.4.1] AndroidManifest.xml:12:5-84
19-->[com.lzy.widget:imagepicker:0.4.1] AndroidManifest.xml:12:22-81
20    <!-- <uses-sdk android:minSdkVersion="14"/> -->
21    <uses-permission android:name="android.permission.ACCESS_NETWORK_STATE" />
21-->[com.google.android.datatransport:transport-backend-cct:2.3.3] AndroidManifest.xml:25:5-79
21-->[com.google.android.datatransport:transport-backend-cct:2.3.3] AndroidManifest.xml:25:22-76
22
23    <application
23-->src\main\AndroidManifest.xml:11:5-30:19
24        android:allowBackup="true"
24-->src\main\AndroidManifest.xml:12:9-35
25        android:appComponentFactory="androidx.core.app.CoreComponentFactory"
25-->[androidx.core:core:1.3.1] AndroidManifest.xml:24:18-86
26        android:debuggable="true"
27        android:extractNativeLibs="false"
28        android:icon="@mipmap/ic_launcher"
28-->src\main\AndroidManifest.xml:13:9-43
29        android:label="@string/app_name"
29-->src\main\AndroidManifest.xml:14:9-41
30        android:roundIcon="@mipmap/ic_launcher_round"
30-->src\main\AndroidManifest.xml:15:9-54
31        android:supportsRtl="true"
31-->src\main\AndroidManifest.xml:17:9-35
32        android:testOnly="true"
33        android:theme="@style/AppTheme"
33-->src\main\AndroidManifest.xml:18:9-40
34        android:usesCleartextTraffic="true" >
34-->src\main\AndroidManifest.xml:16:9-44
35        <activity android:name="com.example.speechtotext.Result" />
35-->src\main\AndroidManifest.xml:20:9-53
35-->src\main\AndroidManifest.xml:20:19-41
36        <activity android:name="com.example.speechtotext.Camera" />
36-->src\main\AndroidManifest.xml:21:9-44
36-->src\main\AndroidManifest.xml:21:19-41
37        <activity android:name="com.example.speechtotext.MainActivity" >
37-->src\main\AndroidManifest.xml:22:9-28:20
37-->src\main\AndroidManifest.xml:22:19-47
38            <intent-filter>
38-->src\main\AndroidManifest.xml:23:13-27:29
39                <action android:name="android.intent.action.MAIN" />
39-->src\main\AndroidManifest.xml:24:17-69
39-->src\main\AndroidManifest.xml:24:25-66
40
41                <category android:name="android.intent.category.LAUNCHER" />
41-->src\main\AndroidManifest.xml:26:17-77
41-->src\main\AndroidManifest.xml:26:27-74
42            </intent-filter>
43        </activity>
44        <activity android:name="com.lzy.imagepicker.ui.ImageBaseActivity" />
44-->[com.lzy.widget:imagepicker:0.4.1] AndroidManifest.xml:21:9-77
44-->[com.lzy.widget:imagepicker:0.4.1] AndroidManifest.xml:21:19-74
45        <activity
45-->[com.lzy.widget:imagepicker:0.4.1] AndroidManifest.xml:22:9-25:55
46            android:name="com.lzy.imagepicker.ui.ImageGridActivity"
46-->[com.lzy.widget:imagepicker:0.4.1] AndroidManifest.xml:23:13-68
47            android:configChanges="orientation|screenSize"
47-->[com.lzy.widget:imagepicker:0.4.1] AndroidManifest.xml:24:13-59
48            android:theme="@style/ImagePickerTheme" />
48-->[com.lzy.widget:imagepicker:0.4.1] AndroidManifest.xml:25:13-52
49        <activity
49-->[com.lzy.widget:imagepicker:0.4.1] AndroidManifest.xml:26:9-30:55
50            android:name="com.lzy.imagepicker.ui.ImageCropActivity"
50-->[com.lzy.widget:imagepicker:0.4.1] AndroidManifest.xml:27:13-68
51            android:configChanges="orientation|screenSize"
51-->[com.lzy.widget:imagepicker:0.4.1] AndroidManifest.xml:28:13-59
52            android:hardwareAccelerated="false"
52-->[com.lzy.widget:imagepicker:0.4.1] AndroidManifest.xml:29:13-48
53            android:theme="@style/ImagePickerTheme" />
53-->[com.lzy.widget:imagepicker:0.4.1] AndroidManifest.xml:30:13-52
54        <activity
54-->[com.lzy.widget:imagepicker:0.4.1] AndroidManifest.xml:31:9-34:65
55            android:name="com.lzy.imagepicker.ui.ImagePreviewActivity"
55-->[com.lzy.widget:imagepicker:0.4.1] AndroidManifest.xml:32:13-71
56            android:configChanges="orientation|screenSize"
56-->[com.lzy.widget:imagepicker:0.4.1] AndroidManifest.xml:33:13-59
57            android:theme="@style/ImagePickerThemeFullScreen" />
57-->[com.lzy.widget:imagepicker:0.4.1] AndroidManifest.xml:34:13-62
58
59        <provider
59-->[com.lzy.widget:imagepicker:0.4.1] AndroidManifest.xml:36:9-44:20
60            android:name="com.lzy.imagepicker.ImagePickerProvider"
60-->[com.lzy.widget:imagepicker:0.4.1] AndroidManifest.xml:37:13-67
61            android:authorities="com.lzy.imagepicker.provider"
61-->[com.lzy.widget:imagepicker:0.4.1] AndroidManifest.xml:38:13-63
62            android:exported="false"
62-->[com.lzy.widget:imagepicker:0.4.1] AndroidManifest.xml:39:13-37
63            android:grantUriPermissions="true" >
63-->[com.lzy.widget:imagepicker:0.4.1] AndroidManifest.xml:40:13-47
64            <meta-data
64-->[com.lzy.widget:imagepicker:0.4.1] AndroidManifest.xml:41:13-43:58
65                android:name="android.support.FILE_PROVIDER_PATHS"
65-->[com.lzy.widget:imagepicker:0.4.1] AndroidManifest.xml:42:17-67
66                android:resource="@xml/provider_paths" />
66-->[com.lzy.widget:imagepicker:0.4.1] AndroidManifest.xml:43:17-55
67        </provider>
68
69        <service
69-->[com.google.android.gms:play-services-mlkit-text-recognition:16.3.0] AndroidManifest.xml:9:9-15:19
70            android:name="com.google.mlkit.common.internal.MlKitComponentDiscoveryService"
70-->[com.google.android.gms:play-services-mlkit-text-recognition:16.3.0] AndroidManifest.xml:10:13-91
71            android:directBootAware="true"
71-->[com.google.mlkit:common:17.1.1] AndroidManifest.xml:17:13-43
72            android:exported="false" >
72-->[com.google.android.gms:play-services-mlkit-text-recognition:16.3.0] AndroidManifest.xml:11:13-37
73            <meta-data
73-->[com.google.android.gms:play-services-mlkit-text-recognition:16.3.0] AndroidManifest.xml:12:13-14:85
74                android:name="com.google.firebase.components:com.google.mlkit.vision.text.internal.TextRegistrar"
74-->[com.google.android.gms:play-services-mlkit-text-recognition:16.3.0] AndroidManifest.xml:13:17-114
75                android:value="com.google.firebase.components.ComponentRegistrar" />
75-->[com.google.android.gms:play-services-mlkit-text-recognition:16.3.0] AndroidManifest.xml:14:17-82
76            <meta-data
76-->[com.google.mlkit:vision-common:16.5.0] AndroidManifest.xml:12:13-14:85
77                android:name="com.google.firebase.components:com.google.mlkit.vision.common.internal.VisionCommonRegistrar"
77-->[com.google.mlkit:vision-common:16.5.0] AndroidManifest.xml:13:17-124
78                android:value="com.google.firebase.components.ComponentRegistrar" />
78-->[com.google.mlkit:vision-common:16.5.0] AndroidManifest.xml:14:17-82
79            <meta-data
79-->[com.google.mlkit:common:17.1.1] AndroidManifest.xml:20:13-22:85
80                android:name="com.google.firebase.components:com.google.mlkit.common.internal.CommonComponentRegistrar"
80-->[com.google.mlkit:common:17.1.1] AndroidManifest.xml:21:17-120
81                android:value="com.google.firebase.components.ComponentRegistrar" />
81-->[com.google.mlkit:common:17.1.1] AndroidManifest.xml:22:17-82
82        </service>
83
84        <provider
84-->[androidx.camera:camera-camera2:1.0.0-alpha02] AndroidManifest.xml:25:9-30:43
85            android:name="androidx.camera.camera2.impl.Camera2Initializer"
85-->[androidx.camera:camera-camera2:1.0.0-alpha02] AndroidManifest.xml:26:13-75
86            android:authorities="com.example.speechtotext.camerax-init"
86-->[androidx.camera:camera-camera2:1.0.0-alpha02] AndroidManifest.xml:27:13-64
87            android:exported="false"
87-->[androidx.camera:camera-camera2:1.0.0-alpha02] AndroidManifest.xml:28:13-37
88            android:initOrder="100"
88-->[androidx.camera:camera-camera2:1.0.0-alpha02] AndroidManifest.xml:29:13-36
89            android:multiprocess="true" />
89-->[androidx.camera:camera-camera2:1.0.0-alpha02] AndroidManifest.xml:30:13-40
90        <provider
90-->[com.google.mlkit:common:17.1.1] AndroidManifest.xml:9:9-13:38
91            android:name="com.google.mlkit.common.internal.MlKitInitProvider"
91-->[com.google.mlkit:common:17.1.1] AndroidManifest.xml:10:13-78
92            android:authorities="com.example.speechtotext.mlkitinitprovider"
92-->[com.google.mlkit:common:17.1.1] AndroidManifest.xml:11:13-69
93            android:exported="false"
93-->[com.google.mlkit:common:17.1.1] AndroidManifest.xml:12:13-37
94            android:initOrder="99" />
94-->[com.google.mlkit:common:17.1.1] AndroidManifest.xml:13:13-35
95
96        <activity
96-->[com.google.android.gms:play-services-base:17.6.0] AndroidManifest.xml:23:9-26:75
97            android:name="com.google.android.gms.common.api.GoogleApiActivity"
97-->[com.google.android.gms:play-services-base:17.6.0] AndroidManifest.xml:24:13-79
98            android:exported="false"
98-->[com.google.android.gms:play-services-base:17.6.0] AndroidManifest.xml:25:13-37
99            android:theme="@android:style/Theme.Translucent.NoTitleBar" />
99-->[com.google.android.gms:play-services-base:17.6.0] AndroidManifest.xml:26:13-72
100
101        <meta-data
101-->[com.google.android.gms:play-services-basement:17.6.0] AndroidManifest.xml:23:9-25:69
102            android:name="com.google.android.gms.version"
102-->[com.google.android.gms:play-services-basement:17.6.0] AndroidManifest.xml:24:13-58
103            android:value="@integer/google_play_services_version" />
103-->[com.google.android.gms:play-services-basement:17.6.0] AndroidManifest.xml:25:13-66
104
105        <service
105-->[com.google.android.datatransport:transport-backend-cct:2.3.3] AndroidManifest.xml:29:9-35:19
106            android:name="com.google.android.datatransport.runtime.backends.TransportBackendDiscovery"
106-->[com.google.android.datatransport:transport-backend-cct:2.3.3] AndroidManifest.xml:30:13-103
107            android:exported="false" >
107-->[com.google.android.datatransport:transport-backend-cct:2.3.3] AndroidManifest.xml:31:13-37
108            <meta-data
108-->[com.google.android.datatransport:transport-backend-cct:2.3.3] AndroidManifest.xml:32:13-34:39
109                android:name="backend:com.google.android.datatransport.cct.CctBackendFactory"
109-->[com.google.android.datatransport:transport-backend-cct:2.3.3] AndroidManifest.xml:33:17-94
110                android:value="cct" />
110-->[com.google.android.datatransport:transport-backend-cct:2.3.3] AndroidManifest.xml:34:17-36
111        </service>
112        <service
112-->[com.google.android.datatransport:transport-runtime:2.2.6] AndroidManifest.xml:26:9-30:19
113            android:name="com.google.android.datatransport.runtime.scheduling.jobscheduling.JobInfoSchedulerService"
113-->[com.google.android.datatransport:transport-runtime:2.2.6] AndroidManifest.xml:27:13-117
114            android:exported="false"
114-->[com.google.android.datatransport:transport-runtime:2.2.6] AndroidManifest.xml:28:13-37
115            android:permission="android.permission.BIND_JOB_SERVICE" >
115-->[com.google.android.datatransport:transport-runtime:2.2.6] AndroidManifest.xml:29:13-69
116        </service>
117
118        <receiver
118-->[com.google.android.datatransport:transport-runtime:2.2.6] AndroidManifest.xml:32:9-34:40
119            android:name="com.google.android.datatransport.runtime.scheduling.jobscheduling.AlarmManagerSchedulerBroadcastReceiver"
119-->[com.google.android.datatransport:transport-runtime:2.2.6] AndroidManifest.xml:33:13-132
120            android:exported="false" />
120-->[com.google.android.datatransport:transport-runtime:2.2.6] AndroidManifest.xml:34:13-37
121    </application>
122
123</manifest>